C51 COMPILER V9.59.0.0   1602                                                              07/03/2019 11:07:09 PAGE 1   


C51 COMPILER V9.59.0.0, COMPILATION OF MODULE 1602
OBJECT MODULE PLACED IN .\Objects\1602.obj
COMPILER INVOKED BY: E:\MDK5\C51\BIN\C51.EXE FLIB\1602.c OPTIMIZE(8,SPEED) BROWSE INCDIR(.\INC) DEBUG OBJECTEXTEND PRINT
                    -(.\OUTPUT\1602.lst) TABS(2) OBJECT(.\Objects\1602.obj)

line level    source

   1          #include "1602.h"
   2          
   3          
   4          //初始化
   5          void LCD_Init()
   6          {
   7   1        LCD1602_Write_CMD(0x38);    //设置16*2显示，5*7点阵，8位数据接口
   8   1        LCD1602_Write_CMD(0x0c);    //开显示，不显示光标
   9   1        LCD1602_Write_CMD(0x06);    //当读或写一个字符后地址指针加一，且光标加一
  10   1        LCD1602_Write_CMD(0x01);    //显示清屏
  11   1        
  12   1      }
  13          
  14          
  15          //忙检测
  16          void Read_Busy()
  17          {
  18   1        u8 busy;
  19   1        LCD1602_DB = 0xff;
  20   1        LCD1602_RS = 0;
  21   1        LCD1602_RW = 1;
  22   1        
  23   1        do
  24   1        {
  25   2          LCD1602_EN = 1;
  26   2          busy = LCD1602_DB;
  27   2          LCD1602_EN = 0;
  28   2        }while(busy & 0x80);
  29   1        
  30   1      }
  31          
  32          
  33          //写指令
  34          void LCD1602_Write_CMD(u8 cmd)
  35          {
  36   1        Read_Busy();
  37   1        LCD1602_RS = 0;
  38   1        LCD1602_RW = 0;   //写命令状态
  39   1        LCD1602_DB = cmd;
  40   1        LCD1602_EN = 1;
  41   1        LCD1602_EN = 0;
  42   1        
  43   1      }
  44          
  45          
  46          //写数据
  47          void LCD1602_Write_DAT(u8 dat)
  48          {
  49   1        Read_Busy();
  50   1        LCD1602_RS = 1;
  51   1        LCD1602_RW = 0;   //写数据状态
  52   1        LCD1602_DB = dat;
  53   1        LCD1602_EN = 1;
  54   1        LCD1602_EN = 0;
C51 COMPILER V9.59.0.0   1602                                                              07/03/2019 11:07:09 PAGE 2   

  55   1        
  56   1      }
  57          
  58          
  59          //坐标显示
  60          void LCD_Set_Display(u8 x, u8 y)
  61          {
  62   1        u8 addr;
  63   1        
  64   1        if(y == 0)
  65   1          addr = 0x00 + x;    //在第一行显示
  66   1        else
  67   1          addr = 0x40 + x;    //在第二行显示
  68   1        
  69   1        LCD1602_Write_CMD(addr | 0x80);     //在第几行第几个显示
  70   1        
  71   1      }
  72          
  73          
  74          //显示一个字节数据
  75          void LCD_Display_OneChar(u8 X, u8 Y, u8 Data)
  76          {
  77   1        if(Y)
  78   1          X |= 0x40;
  79   1        X |= 0x80;    //Y=1，显示第二行，Y=0，显示第一行
  80   1        
  81   1        LCD1602_Write_CMD(X);   //X用来选择哪一位
  82   1        LCD1602_Write_DAT(Data);    //Data用来写数据
  83   1        
  84   1      }
  85          
  86          
  87          //显示一个字节字符
  88          void LCD_Display_OneStr(u8 X, u8 Y, u8 Data)
  89          {
  90   1        LCD_Display_OneChar(X++, Y, Data/16 + '0');
  91   1        LCD_Display_OneChar(X, Y, Data%16 + '0');
  92   1        
  93   1      }
  94          
  95          
  96          //显示字符串
  97          void LCD_ShowStr(u8 x, u8 y, u8 *str)
  98          {
  99   1        LCD_Set_Display(x, y);      //当前字符的坐标
 100   1        
 101   1        while(*str != '\0')
 102   1        {
 103   2          LCD1602_Write_DAT(*str++);
 104   2        }
 105   1      }
 106          


MODULE INFORMATION:   STATIC OVERLAYABLE
   CODE SIZE        =    180    ----
   CONSTANT SIZE    =   ----    ----
   XDATA SIZE       =   ----    ----
   PDATA SIZE       =   ----    ----
   DATA SIZE        =   ----       4
   IDATA SIZE       =   ----    ----
   BIT SIZE         =   ----    ----
C51 COMPILER V9.59.0.0   1602                                                              07/03/2019 11:07:09 PAGE 3   

END OF MODULE INFORMATION.


C51 COMPILATION COMPLETE.  0 WARNING(S),  0 ERROR(S)
