C51 COMPILER V9.59.0.0   KEY                                                               07/03/2019 09:05:34 PAGE 1   


C51 COMPILER V9.59.0.0, COMPILATION OF MODULE KEY
OBJECT MODULE PLACED IN .\Objects\key.obj
COMPILER INVOKED BY: E:\MDK5\C51\BIN\C51.EXE FLIB\key.c OPTIMIZE(8,SPEED) BROWSE INCDIR(.\INC) DEBUG OBJECTEXTEND PRINT(
                    -.\OUTPUT\key.lst) TABS(2) OBJECT(.\Objects\key.obj)

line level    source

   1          #include "key.h"
   2          
   3          
   4          void Key_Init()     //按键初始化
   5          {
   6   1        K1 = 1;
   7   1        K2 = 1;
   8   1        COM = 0;
   9   1        
  10   1      }
  11          
  12          void Inter_Init()   //中断初始化
  13          {
  14   1        EX0 = 1;
  15   1        EX1 = 1;
  16   1        EA = 1;
  17   1        
  18   1      }


MODULE INFORMATION:   STATIC OVERLAYABLE
   CODE SIZE        =     14    ----
   CONSTANT SIZE    =   ----    ----
   XDATA SIZE       =   ----    ----
   PDATA SIZE       =   ----    ----
   DATA SIZE        =   ----    ----
   IDATA SIZE       =   ----    ----
   BIT SIZE         =   ----    ----
END OF MODULE INFORMATION.


C51 COMPILATION COMPLETE.  0 WARNING(S),  0 ERROR(S)
