C51 COMPILER V9.59.0.0   MAIN                                                              07/03/2019 09:05:32 PAGE 1   


C51 COMPILER V9.59.0.0, COMPILATION OF MODULE MAIN
OBJECT MODULE PLACED IN .\Objects\main.obj
COMPILER INVOKED BY: E:\MDK5\C51\BIN\C51.EXE USER\main.c OPTIMIZE(8,SPEED) BROWSE INCDIR(.\INC) DEBUG OBJECTEXTEND PRINT
                    -(.\OUTPUT\main.lst) TABS(2) OBJECT(.\Objects\main.obj)

line level    source

   1          /***********************************************************************
   2                              2019年暑期智能仪器课程设计
   3          组别：3组
   4          课题：基于Proteus利用中断实现时间切换的HD44780液晶显示控制设计
   5          小组成员：宋世淼、韩忠利、樊玲、何瑞彬、房晨、孙久瑞
   6          
   7          工程实现：矩阵式按键采用中断方式处理。无按键按下时，主程序实现
   8                    显示当前时间；按下按键1后，中断子程序实现显示当前日期（年月日）；
   9                    按下按键2后，中断子程序实现显示当前是周几。
  10          工程完成日期：
  11          *********************************************************************/
  12          
  13          #include "DS1302.h"
  14          #include "key.h"
  15          
  16          
  17          void main()       //主函数
  18          {
  19   1        Inter_Init();     //中断初始化
  20   1        Key_Init();       //按键初始化
  21   1        LCD_Init();       //1602初始化
  22   1        Set_DS1302_Time(DS1302_W_ADDR);     //先写入时钟日历寄存器起始地址再设置
  23   1                                            //时钟日历初值
  24   1        
  25   1        while(1)
  26   1        {
  27   2          Read_DS1302_Time(DS1302_R_ADDR);  //先写入时钟日历寄存器起始地址再读出
  28   2                                            //时钟日历写入到TimeData数组中
  29   2          
  30   2          LCD_ShowStr(0, 0, "Time:");         //1602显示字符串"Time:"
  31   2          LCD_Display_OneStr(6, 0, TimeDat[2]);   //时
  32   2          LCD_Display_OneChar(8, 0, ':');           //:
  33   2          LCD_Display_OneStr(9, 0, TimeDat[1]);   //分
  34   2          LCD_Display_OneChar(11, 0, ':');            //:
  35   2          LCD_Display_OneStr(12, 0, TimeDat[0]);    //秒
  36   2          Delay_Ms(1000);
  37   2        }
  38   1        
  39   1      }
  40          
  41          
  42          
  43          //EX0外部中断函数
  44          void Inter_K1()   interrupt 0
  45          {
  46   1        LCD1602_Write_CMD(0x01);                    //清屏
  47   1        
  48   1        LCD_ShowStr(0, 1, "Date:");                 //1602显示字符串"Date:"
  49   1        LCD_Display_OneStr(6, 1, TimeDat[6]);       //年
  50   1        LCD_Display_OneChar(8, 1, '-');             //-
  51   1        LCD_Display_OneStr(9, 1, TimeDat[4]);       //月
  52   1        LCD_Display_OneChar(11, 1, '-');            //-
  53   1        LCD_Display_OneStr(12, 1, TimeDat[3]);      //日
  54   1        Delay_Ms(1000);
C51 COMPILER V9.59.0.0   MAIN                                                              07/03/2019 09:05:32 PAGE 2   

  55   1        
  56   1        if(K1 == 1)
  57   1          LCD1602_Write_CMD(0x01);                  //清屏
  58   1        
  59   1      }
  60          
  61          
  62          
  63          //EX1外部中断函数
  64          void Inter_K2()   interrupt 2
  65          {
  66   1        LCD1602_Write_CMD(0x01);                    //清屏
  67   1        LCD_ShowStr(0, 1, "week:");                 //1602显示字符串"week:"
  68   1        LCD_Display_OneStr(6, 1, TimeDat[5]);       //周
  69   1        Delay_Ms(1000);
  70   1        
  71   1        if(K2 == 1)
  72   1          LCD1602_Write_CMD(0x01);                  //清屏
  73   1        
  74   1      }
  75          


MODULE INFORMATION:   STATIC OVERLAYABLE
   CODE SIZE        =    317    ----
   CONSTANT SIZE    =     18    ----
   XDATA SIZE       =   ----    ----
   PDATA SIZE       =   ----    ----
   DATA SIZE        =   ----    ----
   IDATA SIZE       =   ----    ----
   BIT SIZE         =   ----    ----
END OF MODULE INFORMATION.


C51 COMPILATION COMPLETE.  0 WARNING(S),  0 ERROR(S)
