C51 COMPILER V9.59.0.0   DS1302                                                            07/08/2019 21:43:38 PAGE 1   


C51 COMPILER V9.59.0.0, COMPILATION OF MODULE DS1302
OBJECT MODULE PLACED IN .\Objects\DS1302.obj
COMPILER INVOKED BY: E:\MDK5\C51\BIN\C51.EXE FLIB\DS1302.c OPTIMIZE(8,SPEED) BROWSE INCDIR(.\INC) DEBUG OBJECTEXTEND PRI
                    -NT(.\OUTPUT\DS1302.lst) TABS(2) OBJECT(.\Objects\DS1302.obj)

line level    source

   1          #include "DS1302.h"
   2          #include "reg52.h"
   3          
   4          
   5          /*****************************************************************
   6          时钟日历暂存数组。秒、分、时、日、月、周、年
   7          初值为--19年7月2日周2  12：00：00
   8          ******************************************************************/
   9          u8 TimeDat[7] = {0, 0, 12, 2, 7, 5, 19};
  10          
  11          
  12          //延时函数
  13          void Delay_Ms(u16 ms)
  14          {
  15   1        u16 i;
  16   1        do
  17   1        {
  18   2          i = Fosc / 96000;
  19   2          while(--i);                       //96T per loop
  20   2        }while(--ms);
  21   1          
  22   1      }
  23          
  24          
  25          //写一字节数据
  26          void DS1302_W_Byte(u8 dat)
  27          {
  28   1        u8 i;
  29   1        for(i = 0; i < 8; i++)              //每次写1 bit,写8次
  30   1        {
  31   2          TSCLK = 0;                        //拉低时钟总线
  32   2          TIO = dat & 0x01;                 //从最低未开始写
  33   2          TSCLK = 1;                        //拉高时钟总线，DS1302把数据读走
  34   2          dat >>= 1;                        //数据右移一位
  35   2        }
  36   1          
  37   1      }
  38          
  39          
  40          //读一字节数据
  41          u8 DS1302_R_Byte()
  42          {
  43   1        u8 i, dat;
  44   1        for(i = 0; i < 8; i++)              //每次写1 bit ，写8次
  45   1        {
  46   2          TSCLK = 0;
  47   2          dat >>= 1;                        //数据右移一位，从最低位开始读
  48   2            if(TIO)
  49   2              dat |= 0x80;                  //读取数据
  50   2          TSCLK = 1;
  51   2        }
  52   1        return dat;
  53   1          
  54   1      }
C51 COMPILER V9.59.0.0   DS1302                                                            07/08/2019 21:43:38 PAGE 2   

  55          
  56          
  57          //先写命令再写数据
  58          void DS1302_W_DAT(u8 cmd, u8 dat)
  59          {
  60   1        TRST = 0;                           //拉低使能端
  61   1        TSCLK = 0;      
  62   1        TRST = 1;
  63   1        DS1302_W_Byte(cmd);                 //写命令
  64   1        DS1302_W_Byte(dat);                 //写数据
  65   1        
  66   1      }
  67          
  68          
  69          //先写命令再读数据
  70          u8 DS1302_R_DAT(u8 cmd)
  71          {
  72   1        u8 dat;
  73   1        TRST = 0;
  74   1        TSCLK = 0;
  75   1        TRST = 1;
  76   1        DS1302_W_Byte(cmd);                 //写命令
  77   1        dat = DS1302_R_Byte();              //读数据
  78   1        
  79   1        return dat;
  80   1        
  81   1      }
  82          
  83          
  84          //清除写保护
  85          void DS1302_Clear_WP()
  86          {
  87   1        DS1302_W_DAT(0x8e, 0x00);           //把控制寄存器WP位置清零
  88   1        
  89   1      }
  90          
  91          
  92          //设置写保护
  93          void DS1302_Set_WP()
  94          {
  95   1        DS1302_W_DAT(0x8e, 0x80);           //把控制寄存器WP位置置1
  96   1        TRST = 0;
  97   1        TSCLK = 0;
  98   1        
  99   1      }
 100          
 101          
 102          /*****************************************************************
 103          设置DS1302时钟日历数据
 104          说明： 把时钟日历暂存数组TimeData数据转换为BCD码
 105                并写入到DS1302时钟日历寄存器中
 106          *****************************************************************/
 107          void Set_DS1302_Time(u8 addr)
 108          {
 109   1        u8 a, b;
 110   1        DS1302_Clear_WP();                  //清除写保护
 111   1        for(a = 0; a < 7; a++)              //写入七个字节的时钟初始值
 112   1        {
 113   2          b = TimeDat[a] / 10;
 114   2          TimeDat[a] %= 10;
 115   2          TimeDat[a] += b*16;               //BCD码转换
 116   2          DS1302_W_DAT(addr, TimeDat[a]);   //先写时钟日历起始地址，再写数据
C51 COMPILER V9.59.0.0   DS1302                                                            07/08/2019 21:43:38 PAGE 3   

 117   2          addr += 2;                        //转向下一个寄存器
 118   2          
 119   2        }
 120   1        DS1302_Set_WP();                    //开启写保护
 121   1        
 122   1      }
 123          
 124          
 125          /*******************************************************************
 126          读取DS1302时钟数据
 127          说明：读取DS1302时钟数据，返回数据存入时钟日历暂存数组
 128                TimeData（数据格式BCD码）
 129          ***********************************************************************/
 130          void Read_DS1302_Time(u8 addr)
 131          {
 132   1        u8 i;
 133   1        DS1302_Clear_WP();                  //清除写保护
 134   1        for(i = 0; i < 7; i++)
 135   1        {
 136   2          TimeDat[i] = DS1302_R_DAT(addr);  //先写入要读取数据的寄存器起始地址
 137   2          addr += 2;
 138   2          
 139   2        }
 140   1        DS1302_Set_WP();                    //开启写保护
 141   1        
 142   1      }
 143          


MODULE INFORMATION:   STATIC OVERLAYABLE
   CODE SIZE        =    222    ----
   CONSTANT SIZE    =   ----    ----
   XDATA SIZE       =   ----    ----
   PDATA SIZE       =   ----    ----
   DATA SIZE        =      7    ----
   IDATA SIZE       =   ----    ----
   BIT SIZE         =   ----    ----
END OF MODULE INFORMATION.


C51 COMPILATION COMPLETE.  0 WARNING(S),  0 ERROR(S)
