C51 COMPILER V9.59.0.0   KEY                                                               07/07/2019 20:43:29 PAGE 1   


C51 COMPILER V9.59.0.0, COMPILATION OF MODULE KEY
OBJECT MODULE PLACED IN .\Objects\key.obj
COMPILER INVOKED BY: E:\MDK5\C51\BIN\C51.EXE FLIB\key.c OPTIMIZE(8,SPEED) BROWSE INCDIR(.\INC) DEBUG OBJECTEXTEND PRINT(
                    -.\OUTPUT\key.lst) TABS(2) OBJECT(.\Objects\key.obj)

line level    source

   1          #include "key.h"
   2          
   3          
   4          //中断初始化函数
   5          void Inter_Init()
   6          {
   7   1        EX0 = 1;                      //外部中断0开启
   8   1        IT0 = 0;                      //外部中断0设置为低电平触发
   9   1        EA = 1;                       //CPU总中断开启
  10   1        
  11   1      }
  12          
  13          
  14          //矩阵键盘扫描函数
  15          u8 Key_Scan()
  16          {
  17   1        u8 row, line;                 //定义行列值
  18   1        P2 = 0x0f;                    //定义列线P2.7~P2.4为 0000；
  19   1                                      //定义行线P2.3~P2.0为 1111
  20   1        
  21   1        if((P2 & 0x0f) != 0x0f)       //判断有无按键按下
  22   1        {
  23   2          Delay_Ms(5);                //延时消抖
  24   2          if((P2 & 0x0f) != 0x0f)     //判断有无按键按下
  25   2          {
  26   3            row = P2 & 0x0f;          //判断哪一行电平被拉低
  27   3            P2 = row | 0xf0;          //列线电平反转
  28   3            line = P2 & 0xf0;         //判断哪一列电平被拉低
  29   3            while((P2 & 0xf0) != 0xf0)
  30   3            {;}                       //松手检测
  31   3          }
  32   2        }
  33   1        
  34   1        return (row + line);
  35   1          
  36   1      }
  37          
  38          
  39          /***********************************************************************
  40                                          Key_Value
  41             K0 = 0xee;     K1 = 0xde;      K2 = 0xbe;      K3 = 0x7e;
  42             K4 = 0xed;     K5 = 0xdd;      K6 = 0xbd;      K7 = 0x7d;
  43             K8 = 0xeb;     K9 = 0xdb;    LEFT = 0xbb;   RIGHT = 0x7b;
  44           STOP = 0xe7;    RUN = 0xd7;    DATE = 0xb7;    WEEK = 0x77;
  45          
  46          **************************************************************************/
  47          
  48          


MODULE INFORMATION:   STATIC OVERLAYABLE
   CODE SIZE        =     63    ----
   CONSTANT SIZE    =   ----    ----
   XDATA SIZE       =   ----    ----
C51 COMPILER V9.59.0.0   KEY                                                               07/07/2019 20:43:29 PAGE 2   

   PDATA SIZE       =   ----    ----
   DATA SIZE        =   ----       2
   IDATA SIZE       =   ----    ----
   BIT SIZE         =   ----    ----
END OF MODULE INFORMATION.


C51 COMPILATION COMPLETE.  0 WARNING(S),  0 ERROR(S)
